[2025-08-24 16:14:52] [INFO] تم جلب جميع المجالات، صفحة 1
[2025-08-24 16:15:00] [INFO] تم إنشاء مجال جديد: dvh
[2025-08-24 16:15:00] [INFO] تم جلب جميع المجالات، صفحة 1
[2025-08-24 16:15:00] [INFO] تم جلب جميع المجالات، صفحة 1
[2025-08-24 16:15:00] [INFO] تم جلب جميع المجالات، صفحة 1
[2025-08-24 16:15:08] [INFO] تم جلب جميع المجالات، صفحة 1
[2025-08-24 16:15:11] [INFO] تم جلب جميع المجالات، صفحة 1
[2025-08-24 16:15:15] [WARNING] تم حذف المجال مؤقتًا بالمعرف: 1
[2025-08-24 16:15:15] [INFO] تم جلب جميع المجالات، صفحة 1
[2025-08-24 16:15:18] [INFO] تم جلب جميع المجالات، صفحة 1
[2025-08-24 16:15:27] [INFO] تم إنشاء مجال جديد: mvll
[2025-08-24 16:15:27] [INFO] تم جلب جميع المجالات، صفحة 1
[2025-08-24 16:15:27] [INFO] تم جلب جميع المجالات، صفحة 1
[2025-08-24 16:15:27] [INFO] تم جلب جميع المجالات، صفحة 1
[2025-08-24 16:15:37] [INFO] تم جلب جميع المجالات، صفحة 1
[2025-08-24 16:15:46] [INFO] تم البحث عن المجالات بالكلمة: ' '
[2025-08-24 16:15:46] [INFO] تم البحث عن المجالات بالكلمة: ' v'
[2025-08-24 16:15:46] [INFO] تم البحث عن المجالات بالكلمة: ' vn'
[2025-08-24 16:15:47] [INFO] تم البحث عن المجالات بالكلمة: ' v'
[2025-08-24 16:15:47] [INFO] تم البحث عن المجالات بالكلمة: ' '
[2025-08-24 16:18:01] [INFO] تم جلب جميع المجالات، صفحة 1
[2025-08-24 16:20:10] [INFO] تم جلب جميع المجالات، صفحة 1
[2025-08-24 16:20:18] [INFO] تم إنشاء مجال جديد: ;fhj
[2025-08-24 16:20:18] [INFO] تم جلب جميع المجالات، صفحة 1
[2025-08-24 16:20:18] [INFO] تم جلب جميع المجالات، صفحة 1
[2025-08-24 16:20:18] [INFO] تم جلب جميع المجالات، صفحة 1
[2025-08-24 16:20:29] [INFO] تم إنشاء مجال جديد: rrr
[2025-08-24 16:20:29] [INFO] تم جلب جميع المجالات، صفحة 1
[2025-08-24 16:20:29] [INFO] تم جلب جميع المجالات، صفحة 1
[2025-08-24 16:20:29] [INFO] تم جلب جميع المجالات، صفحة 1
[2025-08-24 16:20:38] [INFO] تم جلب جميع المجالات، صفحة 1
[2025-08-24 16:22:48] [INFO] تم جلب جميع المجالات، صفحة 1
[2025-08-24 16:22:51] [INFO] تم جلب جميع المجالات، صفحة 1
[2025-08-24 16:22:57] [INFO] تم جلب جميع المجالات، صفحة 1
[2025-08-24 16:24:14] [INFO] تم جلب جميع المجالات، صفحة 1
[2025-08-24 16:24:18] [INFO] تم جلب جميع المجالات، صفحة 1
[2025-08-24 16:24:23] [WARNING] تم حذف المجال مؤقتًا بالمعرف: 2
[2025-08-24 16:24:23] [INFO] تم جلب جميع المجالات، صفحة 1
[2025-08-24 16:24:33] [INFO] تم إنشاء مجال جديد: ىنتم
[2025-08-24 16:24:33] [INFO] تم جلب جميع المجالات، صفحة 1
[2025-08-24 16:24:33] [INFO] تم جلب جميع المجالات، صفحة 1
[2025-08-24 16:24:33] [INFO] تم جلب جميع المجالات، صفحة 1
[2025-08-24 16:28:03] [INFO] تم جلب جميع المجالات، صفحة 1
[2025-08-24 16:28:06] [INFO] تم جلب جميع المجالات، صفحة 1
[2025-08-24 16:28:10] [INFO] تم تحديث بيانات المجال بالمعرف: 3
[2025-08-24 16:28:10] [INFO] تم جلب جميع المجالات، صفحة 1
[2025-08-24 16:28:10] [INFO] تم جلب جميع المجالات، صفحة 1
[2025-08-24 16:28:10] [INFO] تم جلب جميع المجالات، صفحة 1
[2025-08-24 16:28:17] [INFO] تم إنشاء مجال جديد: ري
[2025-08-24 16:28:17] [INFO] تم جلب جميع المجالات، صفحة 1
[2025-08-24 16:28:17] [INFO] تم جلب جميع المجالات، صفحة 1
[2025-08-24 16:28:17] [INFO] تم جلب جميع المجالات، صفحة 1
[2025-08-24 16:28:20] [WARNING] تم حذف المجال مؤقتًا بالمعرف: 3
[2025-08-24 16:28:20] [INFO] تم جلب جميع المجالات، صفحة 1
[2025-08-24 16:30:04] [INFO] تم جلب جميع المجالات، صفحة 1
[2025-08-24 16:33:08] [INFO] تم جلب جميع المجالات المحذوفة
[2025-08-24 16:33:20] [WARNING] تم حذف المجال نهائيًا بالمعرف: 1
[2025-08-24 16:33:20] [INFO] تم جلب جميع المجالات المحذوفة
[2025-08-24 16:33:23] [INFO] تم جلب جميع المجالات، صفحة 1
[2025-08-24 16:33:28] [INFO] تم تحديث بيانات المجال بالمعرف: 4
[2025-08-24 16:33:28] [INFO] تم جلب جميع المجالات، صفحة 1
[2025-08-24 16:33:29] [INFO] تم جلب جميع المجالات، صفحة 1
[2025-08-24 16:33:29] [INFO] تم جلب جميع المجالات، صفحة 1
[2025-08-24 16:33:40] [INFO] تم تحديث بيانات المجال بالمعرف: 4
[2025-08-24 16:33:40] [INFO] تم جلب جميع المجالات، صفحة 1
[2025-08-24 16:33:40] [INFO] تم جلب جميع المجالات، صفحة 1
[2025-08-24 16:33:40] [INFO] تم جلب جميع المجالات، صفحة 1
[2025-08-24 16:33:47] [INFO] تم جلب جميع المجالات المحذوفة
[2025-08-24 16:33:55] [WARNING] تم حذف المجال نهائيًا بالمعرف: 3
[2025-08-24 16:33:55] [INFO] تم جلب جميع المجالات المحذوفة
[2025-08-24 16:33:56] [INFO] تم جلب جميع المجالات، صفحة 1
[2025-08-24 16:34:03] [INFO] تم إنشاء مجال جديد: vmf
[2025-08-24 16:34:04] [INFO] تم جلب جميع المجالات، صفحة 1
[2025-08-24 16:34:04] [INFO] تم جلب جميع المجالات، صفحة 1
[2025-08-24 16:34:04] [INFO] تم جلب جميع المجالات، صفحة 1
[2025-08-24 16:34:16] [INFO] تم البحث عن المجالات بالكلمة: 'm'
[2025-08-24 16:34:16] [INFO] تم البحث عن المجالات بالكلمة: 'mkv'
[2025-08-24 16:34:16] [INFO] تم البحث عن المجالات بالكلمة: 'mk'
[2025-08-24 16:34:16] [INFO] تم البحث عن المجالات بالكلمة: 'mkvv'
[2025-08-24 16:34:16] [INFO] تم البحث عن المجالات بالكلمة: 'mkvvf'
[2025-08-24 16:34:17] [INFO] تم البحث عن المجالات بالكلمة: 'mkvv'
[2025-08-24 16:34:17] [INFO] تم البحث عن المجالات بالكلمة: 'mkv'
[2025-08-24 16:34:18] [INFO] تم البحث عن المجالات بالكلمة: 'mk'
[2025-08-24 16:34:18] [INFO] تم البحث عن المجالات بالكلمة: 'm'
[2025-08-24 16:34:18] [INFO] تم جلب جميع المجالات، صفحة 1
[2025-08-24 16:34:31] [INFO] تم جلب جميع المجالات، صفحة 1
[2025-08-24 16:34:42] [INFO] تم جلب جميع المجالات، صفحة 1
[2025-08-24 16:34:47] [INFO] تم جلب جميع المجالات، صفحة 1
[2025-08-24 16:34:58] [INFO] تم جلب جميع المجالات المحذوفة
[2025-08-24 16:35:06] [WARNING] تم حذف المجال نهائيًا بالمعرف: 2
[2025-08-24 16:35:06] [INFO] تم جلب جميع المجالات المحذوفة
[2025-08-24 16:35:09] [INFO] تم جلب جميع المجالات، صفحة 1
[2025-08-24 16:35:48] [INFO] تم جلب جميع المجالات، صفحة 1
[2025-08-24 16:38:04] [INFO] تم تحديث بيانات المجال بالمعرف: 4
[2025-08-24 16:38:04] [INFO] تم جلب جميع المجالات، صفحة 1
[2025-08-24 16:38:04] [INFO] تم جلب جميع المجالات، صفحة 1
[2025-08-24 16:38:04] [INFO] تم جلب جميع المجالات، صفحة 1
[2025-08-24 16:38:12] [INFO] تم إنشاء مجال جديد: ةرن
[2025-08-24 16:38:12] [INFO] تم جلب جميع المجالات، صفحة 1
[2025-08-24 16:38:12] [INFO] تم جلب جميع المجالات، صفحة 1
[2025-08-24 16:38:12] [INFO] تم جلب جميع المجالات، صفحة 1
[2025-08-24 16:44:53] [INFO] تم جلب جميع المجالات، صفحة 1
[2025-08-24 16:44:59] [INFO] تم تحديث بيانات المجال بالمعرف: 4
[2025-08-24 16:44:59] [INFO] تم جلب جميع المجالات، صفحة 1
[2025-08-24 16:44:59] [INFO] تم جلب جميع المجالات، صفحة 1
[2025-08-24 16:44:59] [INFO] تم جلب جميع المجالات، صفحة 1
[2025-08-24 16:45:10] [INFO] تم إنشاء مجال جديد: نىر
[2025-08-24 16:45:10] [INFO] تم جلب جميع المجالات، صفحة 1
[2025-08-24 16:45:10] [INFO] تم جلب جميع المجالات، صفحة 1
[2025-08-24 16:45:10] [INFO] تم جلب جميع المجالات، صفحة 1
[2025-08-24 16:48:45] [INFO] تم جلب جميع المجالات، صفحة 1
[2025-08-24 16:48:49] [INFO] تم تحديث بيانات المجال بالمعرف: 4
[2025-08-24 16:48:49] [INFO] تم جلب جميع المجالات، صفحة 1
[2025-08-24 16:48:49] [INFO] تم جلب جميع المجالات، صفحة 1
[2025-08-24 16:48:49] [INFO] تم جلب جميع المجالات، صفحة 1
[2025-08-24 16:49:00] [INFO] تم تحديث بيانات المجال بالمعرف: 4
[2025-08-24 16:49:00] [INFO] تم جلب جميع المجالات، صفحة 1
[2025-08-24 16:49:00] [INFO] تم جلب جميع المجالات، صفحة 1
[2025-08-24 16:49:00] [INFO] تم جلب جميع المجالات، صفحة 1
[2025-08-24 16:49:10] [INFO] تم إنشاء مجال جديد: تيس
[2025-08-24 16:49:10] [INFO] تم جلب جميع المجالات، صفحة 1
[2025-08-24 16:49:10] [INFO] تم جلب جميع المجالات، صفحة 1
[2025-08-24 16:49:10] [INFO] تم جلب جميع المجالات، صفحة 1
[2025-08-24 16:49:41] [INFO] تم جلب جميع المجالات، صفحة 1
[2025-08-24 16:49:44] [INFO] تم جلب جميع المجالات، صفحة 1
[2025-08-24 16:51:50] [INFO] تم جلب جميع المجالات، صفحة 1
[2025-08-24 16:51:50] [INFO] تم جلب جميع المجالات، صفحة 1
[2025-08-24 16:51:53] [INFO] تم جلب جميع المجالات، صفحة 1
[2025-08-24 16:52:07] [INFO] تم جلب جميع المجالات، صفحة 1
[2025-08-24 16:59:37] [INFO] تم جلب جميع المجالات، صفحة 1
[2025-08-24 16:59:37] [INFO] تم جلب جميع المجالات، صفحة 1
[2025-08-24 16:59:40] [INFO] تم جلب جميع المجالات، صفحة 1
[2025-08-24 16:59:45] [INFO] تم تحديث بيانات المجال بالمعرف: 4
[2025-08-24 16:59:45] [INFO] تم جلب جميع المجالات، صفحة 1
[2025-08-24 16:59:45] [INFO] تم جلب جميع المجالات، صفحة 1
[2025-08-24 16:59:45] [INFO] تم جلب جميع المجالات، صفحة 1
[2025-08-24 16:59:49] [INFO] تم جلب جميع المجالات، صفحة 1
[2025-08-24 17:13:16] [INFO] تم جلب جميع المجالات، صفحة 1
[2025-08-24 17:13:35] [INFO] تم جلب جميع المجالات، صفحة 1
[2025-08-24 17:13:35] [INFO] تم جلب جميع المجالات، صفحة 1
[2025-08-24 17:13:38] [INFO] تم جلب جميع المجالات، صفحة 1
[2025-08-24 17:13:47] [INFO] تم إنشاء مجال جديد: رب
[2025-08-24 17:13:47] [INFO] تم جلب جميع المجالات، صفحة 1
[2025-08-24 17:13:47] [INFO] تم جلب جميع المجالات، صفحة 1
[2025-08-24 17:13:47] [INFO] تم جلب جميع المجالات، صفحة 1
[2025-08-24 17:13:52] [INFO] تم تحديث بيانات المجال بالمعرف: 4
[2025-08-24 17:13:53] [INFO] تم جلب جميع المجالات، صفحة 1
[2025-08-24 17:13:53] [INFO] تم جلب جميع المجالات، صفحة 1
[2025-08-24 17:13:53] [INFO] تم جلب جميع المجالات، صفحة 1
[2025-08-24 17:14:21] [INFO] تم جلب جميع المجالات، صفحة 1
[2025-08-24 17:14:38] [INFO] تم جلب جميع المجالات، صفحة 1
[2025-08-24 17:18:12] [INFO] تم جلب جميع المجالات، صفحة 1
[2025-08-24 17:18:20] [INFO] تم إنشاء مجال جديد: ؤىن
[2025-08-24 17:18:20] [INFO] تم جلب جميع المجالات، صفحة 1
[2025-08-24 17:18:20] [INFO] تم جلب جميع المجالات، صفحة 1
[2025-08-24 17:18:20] [INFO] تم جلب جميع المجالات، صفحة 1
[2025-08-24 17:18:27] [INFO] تم تحديث بيانات المجال بالمعرف: 4
[2025-08-24 17:18:27] [INFO] تم جلب جميع المجالات، صفحة 1
[2025-08-24 17:18:27] [INFO] تم جلب جميع المجالات، صفحة 1
[2025-08-24 17:18:27] [INFO] تم جلب جميع المجالات، صفحة 1
[2025-08-24 17:18:44] [INFO] تم جلب جميع المجالات، صفحة 1
[2025-08-24 17:21:11] [INFO] تم إنشاء مجال جديد: ىؤ
[2025-08-24 17:21:11] [INFO] تم جلب جميع المجالات، صفحة 1
[2025-08-24 17:21:11] [INFO] تم جلب جميع المجالات، صفحة 1
[2025-08-24 17:21:11] [INFO] تم جلب جميع المجالات، صفحة 1
[2025-08-24 17:23:49] [INFO] تم تحديث بيانات المجال بالمعرف: 4
[2025-08-24 17:23:49] [INFO] تم جلب جميع المجالات، صفحة 1
[2025-08-24 17:23:50] [INFO] تم جلب جميع المجالات، صفحة 1
[2025-08-24 17:23:50] [INFO] تم جلب جميع المجالات، صفحة 1
[2025-08-24 17:23:58] [INFO] تم إنشاء مجال جديد: ةرنك
[2025-08-24 17:23:58] [INFO] تم جلب جميع المجالات، صفحة 1
[2025-08-24 17:23:58] [INFO] تم جلب جميع المجالات، صفحة 1
[2025-08-24 17:23:58] [INFO] تم جلب جميع المجالات، صفحة 1
[2025-08-24 17:24:08] [INFO] تم جلب جميع المجالات، صفحة 2
[2025-08-24 17:24:11] [INFO] تم جلب جميع المجالات، صفحة 1
[2025-08-24 17:24:28] [INFO] تم تحديث بيانات المجال بالمعرف: 4
[2025-08-24 17:24:28] [INFO] تم جلب جميع المجالات، صفحة 1
[2025-08-24 17:24:28] [INFO] تم جلب جميع المجالات، صفحة 1
[2025-08-24 17:24:28] [INFO] تم جلب جميع المجالات، صفحة 1
[2025-08-24 17:26:16] [INFO] تم جلب جميع المجالات، صفحة 1
[2025-08-24 17:26:19] [INFO] تم تحديث بيانات المجال بالمعرف: 14
[2025-08-24 17:26:19] [INFO] تم جلب جميع المجالات، صفحة 1
[2025-08-24 17:26:19] [INFO] تم جلب جميع المجالات، صفحة 1
[2025-08-24 17:26:19] [INFO] تم جلب جميع المجالات، صفحة 1
[2025-08-24 17:26:26] [INFO] تم إنشاء مجال جديد: ىؤمت
[2025-08-24 17:26:26] [INFO] تم جلب جميع المجالات، صفحة 1
[2025-08-24 17:26:26] [INFO] تم جلب جميع المجالات، صفحة 1
[2025-08-24 17:26:26] [INFO] تم جلب جميع المجالات، صفحة 1
[2025-08-24 17:26:33] [INFO] تم جلب جميع المجالات، صفحة 2
[2025-08-24 17:26:36] [INFO] تم جلب جميع المجالات، صفحة 1
[2025-08-24 17:54:50] [INFO] تم جلب جميع المجالات، صفحة 1
[2025-08-24 17:55:45] [INFO] تم جلب جميع المجالات، صفحة 1
[2025-08-24 17:55:55] [INFO] تم جلب جميع المجالات، صفحة 2
[2025-08-24 17:58:47] [INFO] تم جلب جميع المجالات، صفحة 1
[2025-08-24 17:58:53] [INFO] تم جلب جميع المجالات، صفحة 1
[2025-08-24 17:58:55] [WARNING] تم حذف المجال مؤقتًا بالمعرف: 15
[2025-08-24 17:58:55] [INFO] تم جلب جميع المجالات، صفحة 1
[2025-08-24 17:58:58] [WARNING] تم حذف المجال مؤقتًا بالمعرف: 14
[2025-08-24 17:58:58] [INFO] تم جلب جميع المجالات، صفحة 1
[2025-08-24 17:59:06] [WARNING] تم حذف المجال مؤقتًا بالمعرف: 13
[2025-08-24 17:59:06] [INFO] تم جلب جميع المجالات، صفحة 1
[2025-08-24 18:08:42] [INFO] تم جلب جميع المجالات، صفحة 1
[2025-08-24 18:09:36] [INFO] تم جلب جميع المجالات، صفحة 1
[2025-08-24 18:09:50] [INFO] تم جلب جميع المجالات، صفحة 1
[2025-08-24 18:10:32] [INFO] تم جلب جميع المجالات، صفحة 1
[2025-08-24 18:10:43] [INFO] تم إنشاء مجال جديد: mcc;
[2025-08-24 18:10:43] [INFO] تم جلب جميع المجالات، صفحة 1
[2025-08-24 18:10:43] [INFO] تم جلب جميع المجالات، صفحة 1
[2025-08-24 18:10:43] [INFO] تم جلب جميع المجالات، صفحة 1
[2025-08-24 18:10:51] [INFO] تم إنشاء مجال جديد: mv
[2025-08-24 18:10:51] [INFO] تم جلب جميع المجالات، صفحة 1
[2025-08-24 18:10:51] [INFO] تم جلب جميع المجالات، صفحة 1
[2025-08-24 18:10:51] [INFO] تم جلب جميع المجالات، صفحة 1
[2025-08-24 18:11:05] [INFO] تم إنشاء مجال جديد: x ,x[
[2025-08-24 18:11:05] [INFO] تم جلب جميع المجالات، صفحة 1
[2025-08-24 18:11:05] [INFO] تم جلب جميع المجالات، صفحة 1
[2025-08-24 18:11:05] [INFO] تم جلب جميع المجالات، صفحة 1
[2025-08-24 18:11:11] [INFO] تم جلب جميع المجالات، صفحة 1
[2025-08-24 18:11:46] [INFO] تم جلب جميع المجالات، صفحة 1
[2025-08-24 18:11:47] [INFO] تم جلب جميع المجالات، صفحة 2
[2025-08-24 18:11:51] [INFO] تم جلب جميع المجالات، صفحة 1
[2025-08-24 18:11:53] [INFO] تم جلب جميع المجالات، صفحة 2
[2025-08-24 18:12:11] [INFO] تم جلب جميع المجالات، صفحة 1
[2025-08-24 18:12:14] [INFO] تم جلب جميع المجالات، صفحة 1
[2025-08-24 18:12:26] [INFO] تم جلب جميع المجالات، صفحة 1
[2025-08-24 18:12:49] [INFO] تم جلب جميع المجالات، صفحة 1
[2025-08-24 18:12:56] [INFO] تم جلب جميع المجالات، صفحة 2
[2025-08-24 18:15:21] [INFO] تم جلب جميع المجالات، صفحة 1
[2025-08-24 18:15:28] [INFO] تم جلب جميع المجالات، صفحة 2
[2025-08-24 18:15:51] [INFO] تم جلب جميع المجالات، صفحة 1
[2025-08-24 18:15:57] [INFO] تم جلب جميع المجالات، صفحة 2
[2025-08-24 18:16:11] [INFO] تم جلب جميع المجالات، صفحة 1
[2025-08-24 18:16:14] [INFO] تم جلب جميع المجالات، صفحة 2
[2025-08-24 18:17:00] [INFO] تم جلب جميع المجالات، صفحة 1
[2025-08-24 18:19:26] [INFO] تم جلب جميع المجالات، صفحة 1
[2025-08-24 18:24:54] [INFO] تم جلب جميع المجالات، صفحة 1
[2025-08-24 18:29:13] [INFO] تم جلب جميع المجالات، صفحة 1
[2025-08-24 18:30:17] [INFO] تم جلب جميع المجالات، صفحة 1
[2025-08-24 18:30:24] [INFO] تم جلب جميع المجالات، صفحة 1
[2025-08-24 18:30:31] [INFO] تم جلب جميع المجالات، صفحة 1
[2025-08-24 18:35:12] [INFO] تم جلب جميع المجالات، صفحة 1
[2025-08-24 18:35:20] [INFO] تم استعادة المجال المحذوف بالمعرف: 15
[2025-08-24 18:35:23] [WARNING] تم حذف المجال نهائيًا بالمعرف: 14
[2025-08-24 18:35:25] [INFO] تم جلب جميع المجالات، صفحة 1
[2025-08-24 18:35:28] [INFO] تم جلب جميع المجالات، صفحة 2
[2025-08-24 18:35:55] [INFO] تم جلب جميع المجالات، صفحة 1
[2025-08-24 18:39:11] [INFO] تم إنشاء مجال جديد: ة و
[2025-08-24 18:39:11] [INFO] تم جلب جميع المجالات، صفحة 1
[2025-08-24 18:39:11] [INFO] تم جلب جميع المجالات، صفحة 1
[2025-08-24 18:39:11] [INFO] تم جلب جميع المجالات، صفحة 1
[2025-08-24 18:39:17] [INFO] تم جلب جميع المجالات، صفحة 2
[2025-08-24 18:39:25] [INFO] تم جلب جميع المجالات، صفحة 1
[2025-08-24 18:39:27] [INFO] تم جلب جميع المجالات، صفحة 2
[2025-08-24 18:40:37] [INFO] تم إنشاء مجال جديد: رسي
[2025-08-24 18:40:37] [INFO] تم جلب جميع المجالات، صفحة 2
[2025-08-24 18:40:37] [INFO] تم جلب جميع المجالات، صفحة 2
[2025-08-24 18:40:37] [INFO] تم جلب جميع المجالات، صفحة 2
[2025-08-24 18:44:16] [INFO] تم جلب جميع المجالات، صفحة 1
[2025-08-24 18:44:26] [INFO] تم إنشاء مجال جديد: تةهبثث
[2025-08-24 18:44:26] [INFO] تم جلب جميع المجالات، صفحة 1
[2025-08-24 18:44:26] [INFO] تم جلب جميع المجالات، صفحة 1
[2025-08-24 18:45:46] [INFO] تم جلب جميع المجالات، صفحة 1
[2025-08-24 18:48:18] [INFO] تم جلب جميع المجالات، صفحة 1
[2025-08-24 18:48:25] [INFO] تم جلب جميع المجالات، صفحة 1
[2025-08-24 18:48:30] [INFO] تم جلب جميع المجالات، صفحة 2
[2025-08-24 18:49:10] [INFO] تم جلب جميع المجالات، صفحة 1
[2025-08-24 18:49:38] [INFO] تم جلب جميع المجالات، صفحة 1
[2025-08-24 18:57:18] [INFO] تم جلب جميع المجالات، صفحة 1
[2025-08-24 18:57:35] [INFO] تم جلب جميع المجالات، صفحة 1
[2025-08-24 18:57:42] [INFO] تم جلب جميع المجالات، صفحة 1
[2025-08-24 18:59:58] [INFO] تم جلب جميع المجالات، صفحة 1
[2025-08-24 19:58:07] [INFO] تم جلب جميع المجالات، صفحة 1
[2025-08-24 20:03:19] [INFO] تم جلب جميع المجالات، صفحة 1
[2025-08-24 20:03:24] [INFO] تم جلب جميع المجالات، صفحة 1
[2025-08-24 20:03:36] [INFO] تم جلب جميع المجالات، صفحة 1
[2025-08-24 20:03:43] [INFO] تم جلب جميع المجالات، صفحة 1
[2025-08-25 08:39:52] [INFO] تم جلب جميع المجالات، صفحة 1
[2025-08-25 08:39:56] [INFO] تم جلب جميع المجالات، صفحة 1
[2025-08-25 08:40:04] [INFO] تم جلب جميع المجالات، صفحة 1
[2025-08-25 09:10:08] [INFO] تم جلب جميع المجالات، صفحة 1
[2025-08-25 09:11:13] [INFO] تم جلب جميع المجالات، صفحة 1
[2025-08-25 09:11:21] [INFO] تم جلب جميع المجالات، صفحة 1
[2025-08-25 10:00:38] [INFO] تم جلب جميع المجالات، صفحة 1
[2025-08-25 10:01:00] [INFO] تم جلب جميع المجالات، صفحة 1
[2025-08-25 10:07:59] [INFO] تم جلب جميع المجالات، صفحة 1
[2025-08-25 10:08:04] [INFO] تم تحديث بيانات المجال بالمعرف: 21
[2025-08-25 10:08:04] [INFO] تم جلب جميع المجالات، صفحة 1
[2025-08-25 10:08:04] [INFO] تم جلب جميع المجالات، صفحة 1
[2025-08-25 10:08:14] [INFO] تم جلب جميع المجالات، صفحة 2
[2025-08-25 10:08:18] [WARNING] تم حذف المجال مؤقتًا بالمعرف: 4
[2025-08-25 10:08:18] [INFO] تم جلب جميع المجالات، صفحة 2
[2025-08-25 10:08:21] [WARNING] تم حذف المجال مؤقتًا بالمعرف: 6
[2025-08-25 10:08:21] [INFO] تم جلب جميع المجالات، صفحة 2
[2025-08-25 10:08:25] [WARNING] تم حذف المجال مؤقتًا بالمعرف: 5
[2025-08-25 10:08:25] [INFO] تم جلب جميع المجالات، صفحة 2
[2025-08-25 10:08:34] [INFO] تم تحديث بيانات المجال بالمعرف: 9
[2025-08-25 10:08:34] [INFO] تم جلب جميع المجالات، صفحة 2
[2025-08-25 10:08:34] [INFO] تم جلب جميع المجالات، صفحة 2
[2025-08-25 10:08:39] [INFO] تم جلب جميع المجالات، صفحة 1
[2025-08-25 14:53:28] [INFO] تم جلب جميع المجالات، صفحة 1
[2025-08-25 14:53:33] [WARNING] تم حذف المجال مؤقتًا بالمعرف: 10
[2025-08-25 14:53:33] [INFO] تم جلب جميع المجالات، صفحة 1
[2025-08-25 14:53:36] [WARNING] تم حذف المجال مؤقتًا بالمعرف: 11
[2025-08-25 14:53:36] [INFO] تم جلب جميع المجالات، صفحة 1
[2025-08-25 14:53:48] [INFO] تم تحديث بيانات المجال بالمعرف: 21
[2025-08-25 14:53:48] [INFO] تم جلب جميع المجالات، صفحة 1
[2025-08-25 14:53:48] [INFO] تم جلب جميع المجالات، صفحة 1
[2025-08-25 14:53:59] [WARNING] تم حذف المجال مؤقتًا بالمعرف: 8
[2025-08-25 14:53:59] [INFO] تم جلب جميع المجالات، صفحة 1
[2025-08-25 14:54:02] [WARNING] تم حذف المجال مؤقتًا بالمعرف: 7
[2025-08-25 14:54:02] [INFO] تم جلب جميع المجالات، صفحة 1
[2025-08-25 14:54:07] [WARNING] تم حذف المجال مؤقتًا بالمعرف: 9
[2025-08-25 14:54:07] [INFO] تم جلب جميع المجالات، صفحة 1
[2025-08-25 14:54:14] [INFO] تم تحديث بيانات المجال بالمعرف: 21
[2025-08-25 14:54:14] [INFO] تم جلب جميع المجالات، صفحة 1
[2025-08-25 14:54:14] [INFO] تم جلب جميع المجالات، صفحة 1
[2025-08-25 15:00:34] [INFO] تم جلب جميع المجالات، صفحة 1
[2025-08-25 15:00:39] [INFO] تم تحديث بيانات المجال بالمعرف: 21
[2025-08-25 15:00:39] [INFO] تم جلب جميع المجالات، صفحة 1
[2025-08-25 15:00:39] [INFO] تم جلب جميع المجالات، صفحة 1
[2025-08-25 15:00:56] [INFO] تم إنشاء مجال جديد: ىتم
[2025-08-25 15:00:56] [INFO] تم جلب جميع المجالات، صفحة 1
[2025-08-25 15:00:56] [INFO] تم جلب جميع المجالات، صفحة 1
[2025-08-25 15:02:27] [INFO] تم جلب جميع المجالات، صفحة 1
[2025-08-25 15:02:39] [INFO] تم تحديث بيانات المجال بالمعرف: 22
[2025-08-25 15:02:39] [INFO] تم جلب جميع المجالات، صفحة 1
[2025-08-25 15:02:39] [INFO] تم جلب جميع المجالات، صفحة 1
[2025-08-25 15:05:26] [INFO] تم جلب جميع المجالات، صفحة 1
[2025-08-25 15:05:28] [INFO] تم جلب جميع المجالات، صفحة 1
[2025-08-25 15:06:51] [INFO] تم جلب جميع المجالات، صفحة 1
[2025-08-25 15:06:52] [INFO] تم جلب جميع المجالات، صفحة 1
[2025-08-25 15:06:59] [INFO] تم جلب جميع المجالات، صفحة 1
[2025-08-25 15:07:04] [INFO] تم تحديث بيانات المجال بالمعرف: 22
[2025-08-25 15:07:04] [INFO] تم جلب جميع المجالات، صفحة 1
[2025-08-25 15:07:04] [INFO] تم جلب جميع المجالات، صفحة 1
[2025-08-25 15:07:16] [INFO] تم إنشاء مجال جديد: ت
[2025-08-25 15:07:16] [INFO] تم جلب جميع المجالات، صفحة 1
[2025-08-25 15:07:16] [INFO] تم جلب جميع المجالات، صفحة 1
[2025-08-25 15:15:31] [INFO] تم جلب جميع المجالات، صفحة 1
[2025-08-25 15:15:42] [INFO] تم جلب جميع المجالات، صفحة 1
[2025-08-25 15:15:50] [INFO] تم جلب جميع المجالات، صفحة 1
[2025-08-25 15:15:53] [INFO] تم جلب جميع المجالات، صفحة 1
[2025-08-25 15:19:59] [INFO] تم جلب جميع المجالات، صفحة 1
[2025-08-25 15:22:20] [INFO] تم جلب جميع المجالات، صفحة 1
[2025-08-25 15:22:29] [INFO] تم جلب جميع المجالات، صفحة 1
[2025-08-25 15:23:55] [INFO] تم جلب جميع المجالات، صفحة 1
[2025-08-25 15:24:00] [INFO] تم جلب جميع المجالات، صفحة 1
[2025-08-25 15:24:27] [INFO] تم جلب جميع المجالات، صفحة 1
[2025-08-25 15:24:31] [INFO] تم جلب جميع المجالات، صفحة 2
[2025-08-25 15:24:32] [INFO] تم جلب جميع المجالات، صفحة 1
[2025-08-25 15:24:58] [INFO] تم جلب جميع المجالات، صفحة 1
[2025-08-25 15:25:10] [INFO] تم جلب جميع المجالات، صفحة 1
[2025-08-25 15:25:12] [INFO] تم جلب جميع المجالات، صفحة 2
[2025-08-25 15:25:16] [INFO] تم جلب جميع المجالات، صفحة 1
[2025-08-25 15:25:41] [INFO] تم جلب جميع المجالات، صفحة 1
[2025-08-25 16:10:14] [INFO] تم جلب جميع المجالات، صفحة 1
[2025-08-25 16:10:17] [WARNING] تم حذف المجال مؤقتًا بالمعرف: 15
[2025-08-25 16:10:17] [INFO] تم جلب جميع المجالات، صفحة 1
[2025-08-25 16:12:31] [INFO] تم جلب جميع المجالات، صفحة 1
[2025-08-25 16:12:53] [INFO] تم جلب جميع المجالات، صفحة 1
[2025-08-25 16:23:27] [INFO] تم جلب جميع المجالات، صفحة 1
[2025-08-25 16:23:33] [INFO] تم جلب جميع المجالات، صفحة 1
[2025-08-25 16:59:51] [INFO] تم جلب جميع المجالات، صفحة 1
[2025-08-25 17:05:08] [INFO] تم جلب جميع المجالات، صفحة 1
[2025-08-25 17:05:20] [INFO] تم جلب جميع المجالات، صفحة 1
[2025-08-25 17:05:33] [INFO] تم جلب جميع المجالات، صفحة 1
[2025-08-25 17:07:19] [INFO] تم جلب جميع المجالات، صفحة 1
[2025-08-25 17:07:21] [INFO] تم جلب جميع المجالات، صفحة 1
[2025-08-25 17:07:26] [INFO] تم جلب جميع المجالات، صفحة 1
[2025-08-25 17:08:01] [INFO] تم جلب جميع المجالات، صفحة 1
[2025-08-25 17:10:54] [INFO] تم جلب جميع المجالات، صفحة 1
[2025-08-25 17:14:18] [INFO] تم جلب جميع المجالات، صفحة 1
[2025-08-25 17:15:02] [INFO] تم جلب جميع المجالات، صفحة 1
[2025-08-25 17:15:07] [INFO] تم جلب جميع المجالات، صفحة 1
[2025-08-25 17:15:15] [INFO] تم جلب جميع المجالات، صفحة 1
[2025-08-25 17:15:21] [INFO] تم جلب جميع المجالات، صفحة 1
[2025-08-25 17:20:35] [INFO] تم جلب جميع المجالات، صفحة 1
[2025-08-25 17:20:42] [INFO] تم جلب جميع المجالات، صفحة 1
[2025-08-25 17:53:33] [INFO] تم جلب جميع المجالات، صفحة 1
[2025-08-25 18:45:35] [INFO] تم جلب جميع المجالات، صفحة 1
[2025-08-25 18:50:37] [INFO] تم جلب جميع المجالات، صفحة 1
[2025-08-25 18:50:45] [INFO] تم جلب جميع المجالات، صفحة 1
[2025-08-25 18:51:09] [INFO] تم جلب جميع المجالات، صفحة 1
[2025-08-25 18:51:18] [INFO] تم جلب جميع المجالات، صفحة 1
[2025-08-25 20:34:21] [INFO] تم جلب جميع المجالات، صفحة 1
[2025-08-25 20:34:27] [WARNING] تم حذف المجال مؤقتًا بالمعرف: 23
[2025-08-25 20:34:27] [INFO] تم جلب جميع المجالات، صفحة 1
[2025-08-25 20:37:58] [INFO] تم جلب جميع المجالات، صفحة 1
[2025-08-25 20:46:02] [INFO] تم جلب جميع المجالات، صفحة 1
[2025-08-25 20:46:24] [INFO] تم جلب جميع المجالات، صفحة 1
[2025-08-25 20:51:19] [INFO] تم جلب جميع المجالات، صفحة 1
[2025-08-25 20:51:22] [INFO] تم تحديث بيانات المجال بالمعرف: 22
[2025-08-25 20:51:22] [INFO] تم جلب جميع المجالات، صفحة 1
[2025-08-25 20:51:22] [INFO] تم جلب جميع المجالات، صفحة 1
[2025-08-25 20:51:26] [WARNING] تم حذف المجال مؤقتًا بالمعرف: 22
[2025-08-25 20:51:26] [INFO] تم جلب جميع المجالات، صفحة 1
[2025-08-25 20:51:29] [WARNING] تم حذف المجال مؤقتًا بالمعرف: 21
[2025-08-25 20:51:29] [INFO] تم جلب جميع المجالات، صفحة 1
[2025-08-25 20:51:38] [INFO] تم إنشاء مجال جديد: رةىن
[2025-08-25 20:51:39] [INFO] تم جلب جميع المجالات، صفحة 1
[2025-08-25 20:51:39] [INFO] تم جلب جميع المجالات، صفحة 1
[2025-08-25 20:52:32] [INFO] تم تحديث بيانات المجال بالمعرف: 24
[2025-08-25 20:52:32] [INFO] تم جلب جميع المجالات، صفحة 1
[2025-08-25 20:52:32] [INFO] تم جلب جميع المجالات، صفحة 1
[2025-08-25 20:52:35] [WARNING] تم حذف المجال مؤقتًا بالمعرف: 24
[2025-08-25 20:52:36] [INFO] تم جلب جميع المجالات، صفحة 1
[2025-08-25 20:52:39] [WARNING] تم حذف المجال مؤقتًا بالمعرف: 20
[2025-08-25 20:52:39] [INFO] تم جلب جميع المجالات، صفحة 1
[2025-08-25 20:53:23] [INFO] تم تحديث بيانات المجال بالمعرف: 19
[2025-08-25 20:53:23] [INFO] تم جلب جميع المجالات، صفحة 1
[2025-08-25 20:53:23] [INFO] تم جلب جميع المجالات، صفحة 1
[2025-08-25 20:53:26] [WARNING] تم حذف المجال مؤقتًا بالمعرف: 19
[2025-08-25 20:53:26] [INFO] تم جلب جميع المجالات، صفحة 1
[2025-08-25 20:54:18] [INFO] تم تحديث بيانات المجال بالمعرف: 18
[2025-08-25 20:54:19] [INFO] تم جلب جميع المجالات، صفحة 1
[2025-08-25 20:54:19] [INFO] تم جلب جميع المجالات، صفحة 1
[2025-08-25 20:54:22] [WARNING] تم حذف المجال مؤقتًا بالمعرف: 18
[2025-08-25 20:54:22] [INFO] تم جلب جميع المجالات، صفحة 1
[2025-08-25 20:54:25] [INFO] تم جلب جميع المجالات، صفحة 1
[2025-08-25 20:54:28] [INFO] تم تحديث بيانات المجال بالمعرف: 17
[2025-08-25 20:54:28] [INFO] تم جلب جميع المجالات، صفحة 1
[2025-08-25 20:54:28] [INFO] تم جلب جميع المجالات، صفحة 1
[2025-08-25 20:54:32] [WARNING] تم حذف المجال مؤقتًا بالمعرف: 17
[2025-08-25 20:54:32] [INFO] تم جلب جميع المجالات، صفحة 1
[2025-08-25 20:56:20] [INFO] تم جلب جميع المجالات، صفحة 1
[2025-08-25 20:56:22] [INFO] تم جلب جميع المجالات، صفحة 1
[2025-08-25 20:56:25] [INFO] تم تحديث بيانات المجال بالمعرف: 16
[2025-08-25 20:56:25] [INFO] تم جلب جميع المجالات، صفحة 1
[2025-08-25 20:56:25] [INFO] تم جلب جميع المجالات، صفحة 1
[2025-08-25 20:56:34] [INFO] تم إنشاء مجال جديد: تلا
[2025-08-25 20:56:34] [INFO] تم جلب جميع المجالات، صفحة 1
[2025-08-25 20:56:34] [INFO] تم جلب جميع المجالات، صفحة 1
[2025-08-25 20:56:37] [WARNING] تم حذف المجال مؤقتًا بالمعرف: 25
[2025-08-25 20:56:37] [INFO] تم جلب جميع المجالات، صفحة 1
[2025-08-25 20:56:45] [INFO] تم إنشاء مجال جديد: مىرتم
[2025-08-25 20:56:45] [INFO] تم جلب جميع المجالات، صفحة 1
[2025-08-25 20:56:45] [INFO] تم جلب جميع المجالات، صفحة 1
[2025-08-25 20:57:54] [INFO] تم جلب جميع المجالات، صفحة 1
[2025-08-25 20:57:59] [INFO] تم تحديث بيانات المجال بالمعرف: 26
[2025-08-25 20:57:59] [INFO] تم جلب جميع المجالات، صفحة 1
[2025-08-25 20:57:59] [INFO] تم جلب جميع المجالات، صفحة 1
[2025-08-25 20:58:02] [WARNING] تم حذف المجال مؤقتًا بالمعرف: 26
[2025-08-25 20:58:02] [INFO] تم جلب جميع المجالات، صفحة 1
[2025-08-25 20:58:31] [INFO] تم جلب جميع المجالات، صفحة 1
[2025-08-25 20:58:34] [INFO] تم تحديث بيانات المجال بالمعرف: 16
[2025-08-25 20:58:34] [INFO] تم جلب جميع المجالات، صفحة 1
[2025-08-25 20:58:34] [INFO] تم جلب جميع المجالات، صفحة 1
[2025-08-25 20:58:41] [INFO] تم إنشاء مجال جديد: ترخه
[2025-08-25 20:58:41] [INFO] تم جلب جميع المجالات، صفحة 1
[2025-08-25 20:58:41] [INFO] تم جلب جميع المجالات، صفحة 1
[2025-08-25 20:58:48] [WARNING] تم حذف المجال مؤقتًا بالمعرف: 27
[2025-08-25 20:58:48] [INFO] تم جلب جميع المجالات، صفحة 1
[2025-08-25 21:02:05] [INFO] تم جلب جميع المجالات، صفحة 1
[2025-08-25 21:02:10] [INFO] تم تحديث بيانات المجال بالمعرف: 16
[2025-08-25 21:02:10] [INFO] تم جلب جميع المجالات، صفحة 1
[2025-08-25 21:02:10] [INFO] تم جلب جميع المجالات، صفحة 1
[2025-08-25 21:02:18] [INFO] تم إنشاء مجال جديد: gn
[2025-08-25 21:02:18] [INFO] تم جلب جميع المجالات، صفحة 1
[2025-08-25 21:02:18] [INFO] تم جلب جميع المجالات، صفحة 1
[2025-08-25 21:02:26] [WARNING] تم حذف المجال مؤقتًا بالمعرف: 12
[2025-08-25 21:02:26] [INFO] تم جلب جميع المجالات، صفحة 1
[2025-08-25 21:03:12] [INFO] تم تحديث بيانات المجال بالمعرف: 28
[2025-08-25 21:03:12] [INFO] تم جلب جميع المجالات، صفحة 1
[2025-08-25 21:03:12] [INFO] تم جلب جميع المجالات، صفحة 1
[2025-08-25 21:03:24] [INFO] تم إنشاء مجال جديد: nbv 
[2025-08-25 21:03:24] [INFO] تم جلب جميع المجالات، صفحة 1
[2025-08-25 21:03:24] [INFO] تم جلب جميع المجالات، صفحة 1
[2025-08-25 21:03:28] [WARNING] تم حذف المجال مؤقتًا بالمعرف: 28
[2025-08-25 21:03:28] [INFO] تم جلب جميع المجالات، صفحة 1
[2025-08-25 21:07:06] [INFO] تم إنشاء مجال جديد: لاانربم
[2025-08-25 21:07:06] [INFO] تم جلب جميع المجالات، صفحة 1
[2025-08-25 21:07:06] [INFO] تم جلب جميع المجالات، صفحة 1
[2025-08-25 21:08:22] [INFO] تم جلب جميع المجالات، صفحة 1
[2025-08-25 21:08:25] [INFO] تم تحديث بيانات المجال بالمعرف: 30
[2025-08-25 21:08:26] [INFO] تم جلب جميع المجالات، صفحة 1
[2025-08-25 21:08:26] [INFO] تم جلب جميع المجالات، صفحة 1
[2025-08-25 21:11:48] [INFO] تم جلب جميع المجالات، صفحة 1
[2025-08-25 21:12:36] [INFO] تم جلب جميع المجالات، صفحة 1
[2025-08-25 21:13:19] [INFO] تم جلب جميع المجالات، صفحة 1
[2025-08-25 21:13:22] [WARNING] تم حذف المجال مؤقتًا بالمعرف: 30
[2025-08-25 21:13:22] [INFO] تم جلب جميع المجالات، صفحة 1
[2025-08-25 21:14:44] [INFO] تم جلب جميع المجالات، صفحة 1
[2025-08-25 21:15:16] [INFO] تم جلب جميع المجالات، صفحة 1
