[2025-08-25 09:38:32] [INFO] تم جلب جميع المشاريع، صفحة 1
[2025-08-25 09:43:08] [INFO] تم جلب جميع المشاريع، صفحة 1
[2025-08-25 09:43:15] [INFO] تم جلب جميع المشاريع، صفحة 1
[2025-08-25 09:44:01] [INFO] تم البحث عن المشاريع بالكلمة: 'h'
[2025-08-25 09:44:01] [INFO] تم البحث عن المشاريع بالكلمة: 'h'
[2025-08-25 09:44:02] [INFO] تم جلب جميع المشاريع، صفحة 1
[2025-08-25 09:44:02] [INFO] تم جلب جميع المشاريع، صفحة 1
[2025-08-25 09:49:25] [INFO] تم جلب جميع المشاريع، صفحة 1
[2025-08-25 09:49:28] [INFO] تم جلب جميع المشاريع، صفحة 1
[2025-08-25 09:51:00] [INFO] تم جلب جميع المشاريع، صفحة 1
[2025-08-25 09:52:32] [INFO] تم جلب جميع المشاريع، صفحة 1
[2025-08-25 09:54:16] [INFO] تم جلب جميع المشاريع، صفحة 1
[2025-08-25 09:57:30] [INFO] تم جلب جميع المشاريع، صفحة 1
[2025-08-25 09:57:32] [INFO] تم جلب جميع المشاريع، صفحة 1
[2025-08-25 09:59:49] [INFO] تم جلب جميع المشاريع، صفحة 1
[2025-08-25 09:59:52] [INFO] تم جلب جميع المشاريع، صفحة 1
[2025-08-25 09:59:58] [INFO] تم جلب جميع المشاريع، صفحة 1
[2025-08-25 10:00:02] [WARNING] تم حذف المشروع مؤقتًا بالمعرف: 1
[2025-08-25 10:00:02] [INFO] تم جلب جميع المشاريع، صفحة 1
[2025-08-25 10:00:10] [INFO] تم جلب جميع المشاريع، صفحة 1
[2025-08-25 10:00:40] [INFO] تم جلب جميع المشاريع، صفحة 1
[2025-08-25 10:00:52] [INFO] تم جلب جميع المشاريع، صفحة 1
[2025-08-25 10:00:59] [INFO] تم جلب جميع المشاريع، صفحة 1
[2025-08-25 10:03:39] [INFO] تم جلب جميع المشاريع، صفحة 1
[2025-08-25 10:03:55] [INFO] تم جلب جميع المشاريع، صفحة 1
[2025-08-25 10:03:55] [INFO] تم جلب جميع المشاريع، صفحة 1
[2025-08-25 10:03:55] [INFO] تم جلب جميع المشاريع، صفحة 1
[2025-08-25 10:04:58] [INFO] تم جلب جميع المشاريع، صفحة 1
[2025-08-25 10:05:04] [INFO] تم جلب جميع المشاريع، صفحة 1
[2025-08-25 10:05:08] [INFO] تم جلب جميع المشاريع، صفحة 1
[2025-08-25 10:05:53] [INFO] تم جلب جميع المشاريع، صفحة 1
[2025-08-25 10:07:54] [INFO] تم جلب جميع المشاريع، صفحة 1
[2025-08-25 10:07:56] [INFO] تم جلب جميع المشاريع، صفحة 1
[2025-08-25 10:09:06] [INFO] تم جلب جميع المشاريع، صفحة 1
[2025-08-25 10:09:12] [INFO] تم جلب جميع المشاريع، صفحة 1
[2025-08-25 10:09:25] [INFO] تم جلب جميع المشاريع، صفحة 1
[2025-08-25 10:09:32] [INFO] تم جلب جميع المشاريع، صفحة 1
[2025-08-25 10:09:32] [INFO] تم جلب جميع المشاريع، صفحة 1
[2025-08-25 10:09:32] [INFO] تم جلب جميع المشاريع، صفحة 1
[2025-08-25 10:10:00] [INFO] تم جلب جميع المشاريع، صفحة 1
[2025-08-25 10:10:00] [INFO] تم جلب جميع المشاريع، صفحة 1
[2025-08-25 10:10:00] [INFO] تم جلب جميع المشاريع، صفحة 1
[2025-08-25 10:10:04] [INFO] تم جلب جميع المشاريع، صفحة 1
[2025-08-25 10:10:11] [INFO] تم جلب جميع المشاريع، صفحة 1
[2025-08-25 10:10:17] [INFO] تم جلب جميع المشاريع، صفحة 1
[2025-08-25 10:13:52] [INFO] تم جلب جميع المشاريع، صفحة 1
[2025-08-25 10:13:59] [INFO] تم جلب جميع المشاريع، صفحة 1
[2025-08-25 10:14:06] [INFO] تم جلب جميع المشاريع، صفحة 1
[2025-08-25 10:14:06] [INFO] تم جلب جميع المشاريع، صفحة 1
[2025-08-25 10:14:06] [INFO] تم جلب جميع المشاريع، صفحة 1
[2025-08-25 10:15:07] [INFO] تم جلب جميع المشاريع، صفحة 1
[2025-08-25 10:15:14] [INFO] تم تحديث بيانات المشروع بالمعرف: 2
[2025-08-25 10:15:14] [INFO] تم جلب جميع المشاريع، صفحة 1
[2025-08-25 10:15:14] [INFO] تم جلب جميع المشاريع، صفحة 1
[2025-08-25 10:15:14] [INFO] تم جلب جميع المشاريع، صفحة 1
[2025-08-25 10:15:22] [INFO] تم جلب جميع المشاريع، صفحة 1
[2025-08-25 10:15:35] [INFO] تم جلب جميع المشاريع، صفحة 1
[2025-08-25 10:15:53] [INFO] تم جلب جميع المشاريع، صفحة 1
[2025-08-25 10:15:53] [INFO] تم جلب جميع المشاريع، صفحة 1
[2025-08-25 10:15:53] [INFO] تم جلب جميع المشاريع، صفحة 1
[2025-08-25 10:18:00] [INFO] تم جلب جميع المشاريع، صفحة 1
[2025-08-25 10:19:01] [INFO] تم جلب جميع المشاريع، صفحة 1
[2025-08-25 10:19:09] [INFO] تم جلب جميع المشاريع، صفحة 1
[2025-08-25 10:19:31] [INFO] تم جلب جميع المشاريع، صفحة 1
[2025-08-25 10:19:31] [INFO] تم جلب جميع المشاريع، صفحة 1
[2025-08-25 10:19:31] [INFO] تم جلب جميع المشاريع، صفحة 1
[2025-08-25 10:19:53] [INFO] تم جلب جميع المشاريع، صفحة 1
[2025-08-25 10:19:58] [WARNING] تم حذف المشروع مؤقتًا بالمعرف: 2
[2025-08-25 10:19:58] [INFO] تم جلب جميع المشاريع، صفحة 1
[2025-08-25 10:20:00] [INFO] تم جلب جميع المشاريع، صفحة 1
[2025-08-25 10:20:19] [INFO] تم جلب جميع المشاريع، صفحة 1
[2025-08-25 10:20:19] [INFO] تم جلب جميع المشاريع، صفحة 1
[2025-08-25 10:20:19] [INFO] تم جلب جميع المشاريع، صفحة 1
[2025-08-25 10:20:52] [INFO] تم جلب جميع المشاريع، صفحة 1
[2025-08-25 10:20:57] [INFO] تم جلب جميع المشاريع، صفحة 1
[2025-08-25 10:21:04] [INFO] تم تحديث بيانات المشروع بالمعرف: 1
[2025-08-25 10:21:04] [INFO] تم جلب جميع المشاريع، صفحة 1
[2025-08-25 10:21:04] [INFO] تم جلب جميع المشاريع، صفحة 1
[2025-08-25 10:21:04] [INFO] تم جلب جميع المشاريع، صفحة 1
[2025-08-25 10:24:25] [INFO] تم جلب جميع المشاريع، صفحة 1
[2025-08-25 10:25:15] [INFO] تم جلب جميع المشاريع، صفحة 1
[2025-08-25 10:27:38] [INFO] تم جلب جميع المشاريع، صفحة 1
[2025-08-25 10:27:50] [INFO] تم جلب جميع المشاريع، صفحة 1
[2025-08-25 10:28:13] [INFO] تم تحديث بيانات المشروع بالمعرف: 1
[2025-08-25 10:28:13] [INFO] تم جلب جميع المشاريع، صفحة 1
[2025-08-25 10:28:33] [INFO] تم جلب جميع المشاريع، صفحة 1
[2025-08-25 10:30:28] [INFO] تم جلب جميع المشاريع، صفحة 1
[2025-08-25 10:30:49] [INFO] تم إنشاء مشروع جديد: ىتى 
[2025-08-25 10:30:49] [INFO] تم جلب جميع المشاريع، صفحة 1
[2025-08-25 10:31:07] [INFO] تم جلب جميع المشاريع، صفحة 1
[2025-08-25 10:31:15] [WARNING] تم حذف المشروع مؤقتًا بالمعرف: 1
[2025-08-25 10:31:15] [INFO] تم جلب جميع المشاريع، صفحة 1
[2025-08-25 10:31:31] [INFO] تم جلب جميع المشاريع، صفحة 1
[2025-08-25 10:32:47] [INFO] تم جلب جميع المشاريع، صفحة 1
[2025-08-25 10:32:54] [INFO] تم جلب جميع المشاريع، صفحة 1
[2025-08-25 10:33:11] [INFO] تم إنشاء مشروع جديد: لانلنا
[2025-08-25 10:33:11] [INFO] تم جلب جميع المشاريع، صفحة 1
[2025-08-25 10:34:18] [INFO] تم جلب جميع المشاريع، صفحة 1
[2025-08-25 10:34:30] [INFO] تم جلب جميع المشاريع، صفحة 1
[2025-08-25 10:35:33] [INFO] تم جلب جميع المشاريع، صفحة 1
[2025-08-25 10:35:38] [INFO] تم جلب جميع المشاريع، صفحة 1
[2025-08-25 10:36:04] [INFO] تم إنشاء مشروع جديد: نىنم
[2025-08-25 10:36:04] [INFO] تم جلب جميع المشاريع، صفحة 1
[2025-08-25 10:36:13] [INFO] تم جلب جميع المشاريع، صفحة 1
[2025-08-25 10:36:17] [WARNING] تم حذف المشروع مؤقتًا بالمعرف: 4
[2025-08-25 10:36:17] [INFO] تم جلب جميع المشاريع، صفحة 1
[2025-08-25 10:36:20] [WARNING] تم حذف المشروع مؤقتًا بالمعرف: 3
[2025-08-25 10:36:20] [INFO] تم جلب جميع المشاريع، صفحة 1
[2025-08-25 10:36:26] [INFO] تم جلب جميع المشاريع، صفحة 1
[2025-08-25 10:36:53] [INFO] تم جلب جميع المشاريع، صفحة 1
[2025-08-25 10:37:39] [INFO] تم جلب جميع المشاريع، صفحة 1
[2025-08-25 10:39:07] [INFO] تم جلب جميع المشاريع، صفحة 1
[2025-08-25 10:41:50] [INFO] تم جلب جميع المشاريع، صفحة 1
[2025-08-25 10:42:13] [INFO] تم إنشاء مشروع جديد: bxkh
[2025-08-25 10:42:13] [INFO] تم جلب جميع المشاريع، صفحة 1
[2025-08-25 10:42:23] [INFO] تم جلب جميع المشاريع، صفحة 1
[2025-08-25 10:42:38] [INFO] تم جلب جميع المشاريع، صفحة 1
[2025-08-25 10:43:12] [INFO] تم جلب جميع المشاريع، صفحة 1
[2025-08-25 10:43:13] [INFO] تم جلب جميع المشاريع، صفحة 1
[2025-08-25 10:43:14] [INFO] تم جلب جميع المشاريع، صفحة 1
[2025-08-25 10:44:22] [INFO] تم جلب جميع المشاريع، صفحة 1
[2025-08-25 10:44:29] [WARNING] تم حذف المشروع مؤقتًا بالمعرف: 6
[2025-08-25 10:44:29] [INFO] تم جلب جميع المشاريع، صفحة 1
[2025-08-25 10:44:55] [INFO] تم إنشاء مشروع جديد: تنلا
[2025-08-25 10:44:55] [INFO] تم جلب جميع المشاريع، صفحة 1
[2025-08-25 10:45:05] [INFO] تم جلب جميع المشاريع، صفحة 1
[2025-08-25 14:51:53] [INFO] تم جلب جميع المشاريع، صفحة 1
[2025-08-25 14:53:05] [INFO] تم جلب جميع المشاريع، صفحة 1
[2025-08-25 14:53:16] [INFO] تم جلب جميع المشاريع، صفحة 1
[2025-08-25 14:53:25] [INFO] تم جلب جميع المشاريع، صفحة 1
[2025-08-25 14:55:36] [INFO] تم جلب جميع المشاريع، صفحة 1
[2025-08-25 15:07:30] [INFO] تم جلب جميع المشاريع، صفحة 1
[2025-08-25 15:14:05] [INFO] تم جلب جميع المشاريع، صفحة 1
[2025-08-25 15:14:54] [INFO] تم إنشاء مشروع جديد: تنلانت
[2025-08-25 15:14:54] [INFO] تم جلب جميع المشاريع، صفحة 1
[2025-08-25 15:15:15] [INFO] تم جلب جميع المشاريع، صفحة 1
[2025-08-25 15:15:24] [INFO] تم جلب جميع المشاريع، صفحة 1
[2025-08-25 15:15:42] [INFO] تم جلب جميع المشاريع، صفحة 1
[2025-08-25 15:25:38] [INFO] تم جلب جميع المشاريع، صفحة 1
[2025-08-25 15:25:58] [INFO] تم جلب جميع المشاريع، صفحة 1
[2025-08-25 15:31:45] [INFO] تم جلب جميع المشاريع، صفحة 1
[2025-08-25 15:31:55] [INFO] تم تحديث المشروع بالمعرف: 8
[2025-08-25 15:31:55] [INFO] تم جلب جميع المشاريع، صفحة 1
[2025-08-25 15:32:07] [INFO] تم تحديث المشروع بالمعرف: 8
[2025-08-25 15:32:08] [INFO] تم جلب جميع المشاريع، صفحة 1
[2025-08-25 15:32:44] [INFO] تم إنشاء مشروع جديد: نةخ
[2025-08-25 15:32:44] [INFO] تم جلب جميع المشاريع، صفحة 1
[2025-08-25 15:36:31] [INFO] تم جلب جميع المشاريع، صفحة 1
[2025-08-25 15:36:37] [INFO] تم جلب جميع المشاريع، صفحة 1
[2025-08-25 15:38:26] [INFO] تم جلب جميع المشاريع، صفحة 1
[2025-08-25 15:39:30] [INFO] تم جلب جميع المشاريع، صفحة 1
[2025-08-25 15:43:10] [INFO] تم جلب جميع المشاريع، صفحة 1
[2025-08-25 15:43:16] [INFO] تم تحديث المشروع بالمعرف: 9
[2025-08-25 15:43:16] [INFO] تم جلب جميع المشاريع، صفحة 1
[2025-08-25 15:46:45] [INFO] تم تحديث المشروع بالمعرف: 9
[2025-08-25 15:46:46] [INFO] تم جلب جميع المشاريع، صفحة 1
[2025-08-25 15:48:09] [INFO] تم تحديث المشروع بالمعرف: 9
[2025-08-25 15:48:09] [INFO] تم جلب جميع المشاريع، صفحة 1
[2025-08-25 15:49:46] [INFO] تم جلب جميع المشاريع، صفحة 1
[2025-08-25 15:49:49] [INFO] تم جلب جميع المشاريع، صفحة 1
[2025-08-25 15:49:52] [INFO] تم تحديث المشروع بالمعرف: 9
[2025-08-25 15:49:55] [INFO] تم تحديث المشروع بالمعرف: 9
[2025-08-25 15:50:01] [INFO] تم تحديث المشروع بالمعرف: 9
[2025-08-25 15:50:26] [INFO] تم إنشاء مشروع جديد: نخ
[2025-08-25 15:50:36] [INFO] تم جلب جميع المشاريع، صفحة 1
[2025-08-25 15:50:38] [INFO] تم جلب جميع المشاريع، صفحة 1
[2025-08-25 15:50:46] [INFO] تم تحديث المشروع بالمعرف: 10
[2025-08-25 15:50:46] [INFO] تم جلب جميع المشاريع، صفحة 1
[2025-08-25 15:52:04] [INFO] تم تحديث المشروع بالمعرف: 10
[2025-08-25 15:52:04] [INFO] تم جلب جميع المشاريع، صفحة 1
[2025-08-25 15:52:39] [INFO] تم إنشاء مشروع جديد: 
[2025-08-25 15:52:39] [INFO] تم جلب جميع المشاريع، صفحة 1
[2025-08-25 15:52:56] [INFO] تم تحديث المشروع بالمعرف: 10
[2025-08-25 15:52:56] [INFO] تم جلب جميع المشاريع، صفحة 1
[2025-08-25 15:53:02] [INFO] تم تحديث المشروع بالمعرف: 10
[2025-08-25 15:53:02] [INFO] تم جلب جميع المشاريع، صفحة 1
[2025-08-25 15:53:21] [WARNING] تم حذف المشروع مؤقتًا بالمعرف: 11
[2025-08-25 15:53:21] [INFO] تم جلب جميع المشاريع، صفحة 1
[2025-08-25 15:57:06] [INFO] تم جلب جميع المشاريع، صفحة 1
[2025-08-25 15:57:10] [INFO] تم تحديث المشروع بالمعرف: 10
[2025-08-25 15:57:10] [INFO] تم جلب جميع المشاريع، صفحة 1
[2025-08-25 15:59:56] [INFO] تم جلب جميع المشاريع، صفحة 1
[2025-08-25 15:59:58] [INFO] تم جلب جميع المشاريع، صفحة 1
[2025-08-25 16:00:02] [INFO] تم تحديث المشروع بالمعرف: 10
[2025-08-25 16:00:02] [INFO] تم جلب جميع المشاريع، صفحة 1
[2025-08-25 16:02:10] [INFO] تم جلب جميع المشاريع، صفحة 1
[2025-08-25 16:02:14] [INFO] تم تحديث المشروع بالمعرف: 10
[2025-08-25 16:02:14] [INFO] تم جلب جميع المشاريع، صفحة 1
[2025-08-25 16:02:21] [INFO] تم تحديث المشروع بالمعرف: 10
[2025-08-25 16:02:21] [INFO] تم جلب جميع المشاريع، صفحة 1
[2025-08-25 16:02:29] [INFO] تم تحديث المشروع بالمعرف: 9
[2025-08-25 16:02:29] [INFO] تم جلب جميع المشاريع، صفحة 1
[2025-08-25 16:02:52] [INFO] تم إنشاء مشروع جديد: ةكنتط
[2025-08-25 16:02:52] [INFO] تم جلب جميع المشاريع، صفحة 1
[2025-08-25 16:03:00] [INFO] تم تحديث المشروع بالمعرف: 12
[2025-08-25 16:03:00] [INFO] تم جلب جميع المشاريع، صفحة 1
[2025-08-25 16:03:23] [INFO] تم إنشاء مشروع جديد: ةتحت
[2025-08-25 16:03:23] [INFO] تم جلب جميع المشاريع، صفحة 1
[2025-08-25 16:03:47] [INFO] تم إنشاء مشروع جديد: ىته
[2025-08-25 16:03:47] [INFO] تم جلب جميع المشاريع، صفحة 1
[2025-08-25 16:04:01] [INFO] تم تحديث المشروع بالمعرف: 14
[2025-08-25 16:04:01] [INFO] تم جلب جميع المشاريع، صفحة 1
[2025-08-25 16:04:09] [INFO] تم تحديث المشروع بالمعرف: 14
[2025-08-25 16:04:09] [INFO] تم جلب جميع المشاريع، صفحة 1
[2025-08-25 16:04:16] [INFO] تم تحديث المشروع بالمعرف: 14
[2025-08-25 16:04:16] [INFO] تم جلب جميع المشاريع، صفحة 1
[2025-08-25 16:04:46] [INFO] تم إنشاء مشروع جديد: تحه
[2025-08-25 16:04:46] [INFO] تم جلب جميع المشاريع، صفحة 1
[2025-08-25 16:05:18] [INFO] تم إنشاء مشروع جديد: تنح
[2025-08-25 16:05:18] [INFO] تم جلب جميع المشاريع، صفحة 1
[2025-08-25 16:05:26] [INFO] تم جلب جميع المشاريع، صفحة 2
[2025-08-25 16:05:32] [INFO] تم تحديث المشروع بالمعرف: 5
[2025-08-25 16:05:32] [INFO] تم جلب جميع المشاريع، صفحة 2
[2025-08-25 16:05:57] [INFO] تم جلب جميع المشاريع، صفحة 1
[2025-08-25 16:09:21] [INFO] تم جلب جميع المشاريع، صفحة 1
[2025-08-25 16:09:25] [INFO] تم تحديث المشروع بالمعرف: 16
[2025-08-25 16:09:25] [INFO] تم جلب جميع المشاريع، صفحة 1
[2025-08-25 16:09:34] [WARNING] تم حذف المشروع مؤقتًا بالمعرف: 16
[2025-08-25 16:09:34] [INFO] تم جلب جميع المشاريع، صفحة 1
[2025-08-25 16:12:55] [INFO] تم جلب جميع المشاريع، صفحة 1
[2025-08-25 16:13:34] [WARNING] تم حذف المشروع مؤقتًا بالمعرف: 15
[2025-08-25 16:13:34] [INFO] تم جلب جميع المشاريع، صفحة 1
[2025-08-25 16:16:47] [INFO] تم جلب جميع المشاريع، صفحة 1
[2025-08-25 16:16:54] [INFO] تم تحديث المشروع بالمعرف: 14
[2025-08-25 16:16:55] [INFO] تم جلب جميع المشاريع، صفحة 1
[2025-08-25 16:17:23] [INFO] تم إنشاء مشروع جديد: ةسخ
[2025-08-25 16:17:23] [INFO] تم جلب جميع المشاريع، صفحة 1
[2025-08-25 16:23:34] [INFO] تم جلب جميع المشاريع، صفحة 1
[2025-08-25 16:23:42] [INFO] تم تحديث المشروع بالمعرف: 17
[2025-08-25 16:23:42] [INFO] تم جلب جميع المشاريع، صفحة 1
[2025-08-25 16:23:52] [INFO] تم تحديث المشروع بالمعرف: 14
[2025-08-25 16:23:52] [INFO] تم جلب جميع المشاريع، صفحة 1
[2025-08-25 16:26:56] [INFO] تم جلب جميع المشاريع، صفحة 1
[2025-08-25 16:27:02] [INFO] تم تحديث المشروع بالمعرف: 17
[2025-08-25 16:27:02] [INFO] تم جلب جميع المشاريع، صفحة 1
[2025-08-25 16:27:11] [INFO] تم تحديث المشروع بالمعرف: 17
[2025-08-25 16:27:11] [INFO] تم جلب جميع المشاريع، صفحة 1
[2025-08-25 16:27:18] [INFO] تم تحديث المشروع بالمعرف: 17
[2025-08-25 16:27:18] [INFO] تم جلب جميع المشاريع، صفحة 1
[2025-08-25 16:29:23] [INFO] تم جلب جميع المشاريع، صفحة 1
[2025-08-25 16:29:29] [INFO] تم تحديث المشروع بالمعرف: 17
[2025-08-25 16:29:29] [INFO] تم جلب جميع المشاريع، صفحة 1
[2025-08-25 16:29:33] [INFO] تم تحديث المشروع بالمعرف: 17
[2025-08-25 16:29:33] [INFO] تم جلب جميع المشاريع، صفحة 1
[2025-08-25 16:29:39] [INFO] تم تحديث المشروع بالمعرف: 17
[2025-08-25 16:29:39] [INFO] تم جلب جميع المشاريع، صفحة 1
[2025-08-25 16:31:52] [INFO] تم جلب جميع المشاريع، صفحة 1
[2025-08-25 16:31:55] [INFO] تم جلب جميع المشاريع، صفحة 1
[2025-08-25 16:31:59] [INFO] تم تحديث المشروع بالمعرف: 17
[2025-08-25 16:31:59] [INFO] تم جلب جميع المشاريع، صفحة 1
[2025-08-25 16:35:17] [INFO] تم جلب جميع المشاريع، صفحة 1
[2025-08-25 16:35:19] [INFO] تم جلب جميع المشاريع، صفحة 1
[2025-08-25 16:35:22] [INFO] تم تحديث المشروع بالمعرف: 17
[2025-08-25 16:35:23] [INFO] تم جلب جميع المشاريع، صفحة 1
[2025-08-25 16:35:51] [INFO] تم إنشاء مشروع جديد: اتخل
[2025-08-25 16:35:51] [INFO] تم جلب جميع المشاريع، صفحة 1
[2025-08-25 16:38:43] [INFO] تم جلب جميع المشاريع، صفحة 1
[2025-08-25 16:38:45] [INFO] تم جلب جميع المشاريع، صفحة 1
[2025-08-25 16:38:53] [INFO] تم تحديث المشروع بالمعرف: 18
[2025-08-25 16:38:53] [INFO] تم جلب جميع المشاريع، صفحة 1
[2025-08-25 16:39:19] [INFO] تم إنشاء مشروع جديد: تل
[2025-08-25 16:39:19] [INFO] تم جلب جميع المشاريع، صفحة 1
[2025-08-25 16:39:45] [INFO] تم تحديث المشروع بالمعرف: 19
[2025-08-25 16:39:45] [INFO] تم جلب جميع المشاريع، صفحة 1
[2025-08-25 16:40:09] [INFO] تم إنشاء مشروع جديد: تةحهت
[2025-08-25 16:40:09] [INFO] تم جلب جميع المشاريع، صفحة 1
[2025-08-25 16:40:14] [INFO] تم تحديث المشروع بالمعرف: 20
[2025-08-25 16:40:14] [INFO] تم جلب جميع المشاريع، صفحة 1
[2025-08-25 16:40:17] [WARNING] تم حذف المشروع مؤقتًا بالمعرف: 20
[2025-08-25 16:40:17] [INFO] تم جلب جميع المشاريع، صفحة 1
[2025-08-25 16:40:24] [INFO] تم جلب جميع المشاريع، صفحة 2
[2025-08-25 16:40:33] [INFO] تم جلب جميع المشاريع، صفحة 1
[2025-08-25 16:41:50] [INFO] تم جلب جميع المشاريع، صفحة 1
[2025-08-25 16:43:06] [INFO] تم جلب جميع المشاريع، صفحة 1
[2025-08-25 16:44:24] [INFO] تم جلب جميع المشاريع المحذوفة
[2025-08-25 16:44:29] [INFO] تم جلب جميع المشاريع المحذوفة
[2025-08-25 16:44:34] [WARNING] تم حذف المشروع مؤقتًا بالمعرف: 20
[2025-08-25 16:44:34] [INFO] تم جلب جميع المشاريع المحذوفة
[2025-08-25 16:44:45] [WARNING] تم حذف المشروع مؤقتًا بالمعرف: 20
[2025-08-25 16:44:45] [INFO] تم جلب جميع المشاريع المحذوفة
[2025-08-25 16:44:48] [WARNING] تم حذف المشروع مؤقتًا بالمعرف: 15
[2025-08-25 16:44:48] [INFO] تم جلب جميع المشاريع المحذوفة
[2025-08-25 16:44:52] [WARNING] تم حذف المشروع مؤقتًا بالمعرف: 16
[2025-08-25 16:44:52] [INFO] تم جلب جميع المشاريع المحذوفة
[2025-08-25 16:44:55] [WARNING] تم حذف المشروع مؤقتًا بالمعرف: 11
[2025-08-25 16:44:56] [INFO] تم جلب جميع المشاريع المحذوفة
[2025-08-25 16:45:00] [WARNING] تم حذف المشروع مؤقتًا بالمعرف: 11
[2025-08-25 16:45:00] [INFO] تم جلب جميع المشاريع المحذوفة
[2025-08-25 16:45:04] [WARNING] تم حذف المشروع مؤقتًا بالمعرف: 11
[2025-08-25 16:45:04] [INFO] تم جلب جميع المشاريع المحذوفة
[2025-08-25 16:45:08] [WARNING] تم حذف المشروع مؤقتًا بالمعرف: 20
[2025-08-25 16:45:08] [INFO] تم جلب جميع المشاريع المحذوفة
[2025-08-25 16:45:12] [WARNING] تم حذف المشروع مؤقتًا بالمعرف: 11
[2025-08-25 16:45:12] [INFO] تم جلب جميع المشاريع المحذوفة
[2025-08-25 16:45:48] [INFO] تم جلب جميع المشاريع المحذوفة
[2025-08-25 16:45:52] [WARNING] تم حذف المشروع مؤقتًا بالمعرف: 11
[2025-08-25 16:45:52] [INFO] تم جلب جميع المشاريع المحذوفة
[2025-08-25 16:45:56] [WARNING] تم حذف المشروع مؤقتًا بالمعرف: 16
[2025-08-25 16:45:56] [INFO] تم جلب جميع المشاريع المحذوفة
[2025-08-25 16:47:44] [INFO] تم جلب جميع المشاريع، صفحة 1
[2025-08-25 16:48:41] [INFO] تم جلب جميع المشاريع المحذوفة
[2025-08-25 16:48:45] [WARNING] تم حذف المشروع مؤقتًا بالمعرف: 16
[2025-08-25 16:48:45] [INFO] تم جلب جميع المشاريع المحذوفة
[2025-08-25 16:48:48] [WARNING] تم حذف المشروع مؤقتًا بالمعرف: 11
[2025-08-25 16:48:48] [INFO] تم جلب جميع المشاريع المحذوفة
[2025-08-25 16:49:18] [INFO] تم جلب جميع المشاريع المحذوفة
[2025-08-25 16:49:20] [INFO] تم جلب جميع المشاريع المحذوفة
[2025-08-25 16:49:24] [WARNING] تم حذف المشروع مؤقتًا بالمعرف: 11
[2025-08-25 16:49:24] [INFO] تم جلب جميع المشاريع المحذوفة
[2025-08-25 16:49:31] [WARNING] تم حذف المشروع مؤقتًا بالمعرف: 16
[2025-08-25 16:49:31] [INFO] تم جلب جميع المشاريع المحذوفة
[2025-08-25 16:49:33] [INFO] تم استعادة المشروع المحذوف بالمعرف: 11
[2025-08-25 16:49:33] [INFO] تم جلب جميع المشاريع المحذوفة
[2025-08-25 16:50:42] [INFO] تم استعادة المشروع المحذوف بالمعرف: 16
[2025-08-25 16:50:42] [INFO] تم جلب جميع المشاريع المحذوفة
[2025-08-25 16:50:46] [WARNING] تم حذف المشروع مؤقتًا بالمعرف: 20
[2025-08-25 16:50:46] [INFO] تم جلب جميع المشاريع المحذوفة
[2025-08-25 16:50:52] [INFO] تم جلب جميع المشاريع، صفحة 1
[2025-08-25 16:50:55] [INFO] تم جلب جميع المشاريع، صفحة 2
[2025-08-25 16:50:57] [INFO] تم جلب جميع المشاريع، صفحة 1
[2025-08-25 16:52:01] [INFO] تم جلب جميع المشاريع المحذوفة
[2025-08-25 16:52:04] [WARNING] تم حذف المشروع مؤقتًا بالمعرف: 20
[2025-08-25 16:52:04] [INFO] تم جلب جميع المشاريع المحذوفة
[2025-08-25 16:52:07] [WARNING] تم حذف المشروع مؤقتًا بالمعرف: 15
[2025-08-25 16:52:07] [INFO] تم جلب جميع المشاريع المحذوفة
[2025-08-25 16:52:11] [WARNING] تم حذف المشروع مؤقتًا بالمعرف: 6
[2025-08-25 16:52:11] [INFO] تم جلب جميع المشاريع المحذوفة
[2025-08-25 16:53:04] [INFO] تم جلب جميع المشاريع المحذوفة
[2025-08-25 16:53:05] [INFO] تم جلب جميع المشاريع المحذوفة
[2025-08-25 16:53:08] [INFO] تم جلب جميع المشاريع المحذوفة
[2025-08-25 16:53:11] [INFO] تم استعادة المشروع المحذوف بالمعرف: 15
[2025-08-25 16:53:11] [INFO] تم جلب جميع المشاريع المحذوفة
[2025-08-25 16:53:15] [INFO] تم جلب جميع المشاريع المحذوفة
[2025-08-25 16:54:59] [INFO] تم جلب جميع المشاريع المحذوفة
[2025-08-25 16:55:02] [INFO] تم جلب جميع المشاريع المحذوفة
[2025-08-25 16:55:05] [INFO] تم جلب جميع المشاريع المحذوفة
[2025-08-25 16:55:09] [INFO] تم جلب جميع المشاريع المحذوفة
[2025-08-25 16:56:03] [INFO] تم جلب جميع المشاريع المحذوفة
[2025-08-25 16:56:05] [INFO] تم جلب جميع المشاريع المحذوفة
[2025-08-25 16:56:08] [INFO] تم جلب جميع المشاريع المحذوفة
[2025-08-25 16:56:12] [INFO] تم جلب جميع المشاريع المحذوفة
[2025-08-25 16:57:14] [INFO] تم جلب جميع المشاريع المحذوفة
[2025-08-25 16:57:15] [INFO] تم جلب جميع المشاريع المحذوفة
[2025-08-25 16:57:25] [INFO] تم جلب جميع المشاريع، صفحة 1
[2025-08-25 16:57:29] [INFO] تم جلب جميع المشاريع المحذوفة
[2025-08-25 16:57:34] [INFO] تم جلب جميع المشاريع المحذوفة
[2025-08-25 16:57:37] [INFO] تم جلب جميع المشاريع المحذوفة
[2025-08-25 16:57:43] [INFO] تم جلب جميع المشاريع المحذوفة
[2025-08-25 16:59:33] [INFO] تم جلب جميع المشاريع المحذوفة
[2025-08-25 16:59:35] [INFO] تم جلب جميع المشاريع المحذوفة
[2025-08-25 16:59:38] [INFO] تم جلب جميع المشاريع المحذوفة
[2025-08-25 16:59:42] [WARNING] تم حذف المشروع نهائيًا بالمعرف: 6
[2025-08-25 16:59:42] [INFO] تم جلب جميع المشاريع المحذوفة
[2025-08-25 16:59:47] [INFO] تم جلب جميع المشاريع، صفحة 1
[2025-08-25 16:59:53] [INFO] تم جلب جميع المشاريع، صفحة 1
[2025-08-25 16:59:55] [INFO] تم البحث عن المشاريع بالكلمة: 'ىرخ'
[2025-08-25 16:59:57] [INFO] تم جلب جميع المشاريع، صفحة 1
[2025-08-25 17:00:00] [INFO] تم جلب جميع المشاريع المحذوفة
[2025-08-25 17:00:03] [INFO] تم جلب جميع المشاريع، صفحة 1
[2025-08-25 17:02:53] [INFO] تم جلب جميع المشاريع، صفحة 1
[2025-08-25 17:02:55] [INFO] تم جلب جميع المشاريع، صفحة 1
[2025-08-25 17:04:36] [INFO] تم جلب جميع المشاريع، صفحة 1
[2025-08-25 17:05:24] [INFO] تم جلب جميع المشاريع، صفحة 1
[2025-08-25 17:05:37] [INFO] تم جلب جميع المشاريع، صفحة 1
[2025-08-25 17:07:19] [INFO] تم جلب جميع المشاريع، صفحة 1
[2025-08-25 17:07:21] [INFO] تم جلب جميع المشاريع، صفحة 1
[2025-08-25 17:07:29] [INFO] تم جلب جميع المشاريع، صفحة 1
[2025-08-25 17:08:21] [INFO] تم جلب جميع المشاريع، صفحة 1
[2025-08-25 17:08:29] [WARNING] تم حذف المشروع مؤقتًا بالمعرف: 15
[2025-08-25 17:08:29] [INFO] تم جلب جميع المشاريع، صفحة 1
[2025-08-25 17:08:30] [INFO] تم جلب جميع المشاريع، صفحة 2
[2025-08-25 17:10:54] [INFO] تم جلب جميع المشاريع، صفحة 1
[2025-08-25 17:11:00] [INFO] تم جلب جميع المشاريع، صفحة 1
[2025-08-25 17:11:55] [INFO] تم جلب جميع المشاريع، صفحة 1
[2025-08-25 17:12:56] [INFO] تم جلب جميع المشاريع، صفحة 2
[2025-08-25 17:12:59] [INFO] تم جلب جميع المشاريع، صفحة 1
[2025-08-25 17:13:26] [INFO] تم جلب جميع المشاريع، صفحة 1
[2025-08-25 17:13:33] [INFO] تم جلب جميع المشاريع، صفحة 2
[2025-08-25 17:13:46] [INFO] تم جلب جميع المشاريع، صفحة 1
[2025-08-25 17:13:49] [INFO] تم جلب جميع المشاريع، صفحة 1
[2025-08-25 17:14:45] [INFO] تم جلب جميع المشاريع، صفحة 1
[2025-08-25 17:15:02] [INFO] تم جلب جميع المشاريع، صفحة 1
[2025-08-25 17:15:07] [INFO] تم جلب جميع المشاريع، صفحة 1
[2025-08-25 17:15:18] [INFO] تم جلب جميع المشاريع، صفحة 1
[2025-08-25 17:15:45] [INFO] تم جلب جميع المشاريع، صفحة 1
[2025-08-25 17:16:04] [INFO] تم جلب جميع المشاريع، صفحة 1
[2025-08-25 17:16:30] [INFO] تم إنشاء مشروع جديد:  ر سم
[2025-08-25 17:16:30] [INFO] تم جلب جميع المشاريع، صفحة 1
[2025-08-25 17:16:37] [INFO] تم تحديث المشروع بالمعرف: 21
[2025-08-25 17:16:37] [INFO] تم جلب جميع المشاريع، صفحة 1
[2025-08-25 17:17:10] [INFO] تم تحديث المشروع بالمعرف: 21
[2025-08-25 17:17:10] [INFO] تم جلب جميع المشاريع، صفحة 1
[2025-08-25 17:20:33] [INFO] تم جلب جميع المشاريع، صفحة 1
[2025-08-25 17:20:38] [INFO] تم تحديث المشروع بالمعرف: 21
[2025-08-25 17:20:39] [INFO] تم جلب جميع المشاريع، صفحة 1
[2025-08-25 17:20:46] [INFO] تم تحديث المشروع بالمعرف: 21
[2025-08-25 17:20:46] [INFO] تم جلب جميع المشاريع، صفحة 1
[2025-08-25 17:20:55] [INFO] تم جلب جميع المشاريع، صفحة 2
[2025-08-25 17:20:58] [INFO] تم جلب جميع المشاريع المحذوفة
[2025-08-25 17:31:31] [INFO] تم جلب جميع المشاريع، صفحة 1
[2025-08-25 17:46:45] [INFO] تم جلب جميع المشاريع، صفحة 1
[2025-08-25 17:46:48] [INFO] تم جلب جميع المشاريع، صفحة 2
[2025-08-25 17:53:31] [INFO] تم جلب جميع المشاريع، صفحة 1
[2025-08-25 17:53:53] [INFO] تم إنشاء مشروع جديد: jgp
[2025-08-25 17:53:53] [INFO] تم جلب جميع المشاريع، صفحة 1
[2025-08-25 18:45:15] [INFO] تم جلب جميع المشاريع، صفحة 1
[2025-08-25 18:45:32] [INFO] تم جلب جميع المشاريع، صفحة 1
[2025-08-25 18:46:01] [INFO] تم إنشاء مشروع جديد: نةم
[2025-08-25 18:46:01] [INFO] تم جلب جميع المشاريع، صفحة 1
[2025-08-25 18:50:34] [INFO] تم جلب جميع المشاريع، صفحة 1
[2025-08-25 18:51:41] [INFO] تم جلب جميع المشاريع، صفحة 1
[2025-08-25 20:34:19] [INFO] تم جلب جميع المشاريع، صفحة 1
[2025-08-25 20:37:59] [INFO] تم جلب جميع المشاريع، صفحة 1
[2025-08-25 20:42:55] [INFO] تم جلب جميع المشاريع، صفحة 1
[2025-08-25 20:45:59] [INFO] تم جلب جميع المشاريع، صفحة 1
[2025-08-25 20:46:04] [INFO] تم تحديث المشروع بالمعرف: 2
[2025-08-25 20:46:04] [INFO] تم جلب جميع المشاريع، صفحة 1
[2025-08-25 20:57:43] [INFO] تم جلب جميع المشاريع، صفحة 1
[2025-08-25 20:58:31] [INFO] تم جلب جميع المشاريع، صفحة 1
[2025-08-25 21:01:33] [INFO] تم جلب جميع المشاريع، صفحة 1
[2025-08-25 21:01:37] [INFO] تم جلب جميع المشاريع، صفحة 1
[2025-08-25 21:02:04] [INFO] تم جلب جميع المشاريع، صفحة 1
[2025-08-25 21:11:47] [INFO] تم جلب جميع المشاريع، صفحة 1
[2025-08-25 21:12:12] [INFO] تم إنشاء مشروع جديد: kohtr
[2025-08-25 21:12:13] [INFO] تم جلب جميع المشاريع، صفحة 1
[2025-08-25 21:12:37] [INFO] تم جلب جميع المشاريع، صفحة 1
[2025-08-25 21:14:41] [INFO] تم جلب جميع المشاريع، صفحة 1
[2025-08-25 21:15:06] [INFO] تم جلب جميع المشاريع، صفحة 1
