[2025-08-24 00:46:09] [INFO] تم جلب جميع المستخدمين، صفحة 1
[2025-08-24 00:46:15] [INFO] تم تحديث بيانات المستخدم بالمعرف: 1
[2025-08-24 00:46:15] [INFO] تم جلب جميع المستخدمين، صفحة 1
[2025-08-24 00:46:15] [INFO] تم جلب جميع المستخدمين، صفحة 1
[2025-08-24 00:46:15] [INFO] تم جلب جميع المستخدمين، صفحة 1
[2025-08-24 08:30:42] [INFO] تم جلب جميع المستخدمين، صفحة 1
[2025-08-24 08:35:49] [INFO] تم جلب جميع المستخدمين، صفحة 1
[2025-08-24 08:35:52] [INFO] تم جلب جميع المستخدمين، صفحة 1
[2025-08-24 08:43:08] [INFO] تم جلب جميع المستخدمين، صفحة 1
[2025-08-24 08:49:49] [INFO] تم جلب جميع المستخدمين، صفحة 1
[2025-08-24 08:55:43] [INFO] تم جلب جميع المستخدمين، صفحة 1
[2025-08-24 08:55:58] [INFO] تم جلب جميع المستخدمين، صفحة 1
[2025-08-24 09:03:37] [INFO] تم جلب جميع المستخدمين، صفحة 1
[2025-08-24 09:03:39] [INFO] تم جلب جميع المستخدمين، صفحة 1
[2025-08-24 09:03:41] [INFO] تم جلب جميع المستخدمين، صفحة 1
[2025-08-24 09:03:49] [INFO] تم جلب جميع المستخدمين، صفحة 1
[2025-08-24 09:04:44] [INFO] تم جلب جميع المستخدمين، صفحة 1
[2025-08-24 09:04:47] [INFO] تم جلب جميع المستخدمين، صفحة 1
[2025-08-24 09:04:48] [INFO] تم جلب جميع المستخدمين، صفحة 1
[2025-08-24 09:04:54] [INFO] تم جلب جميع المستخدمين، صفحة 1
[2025-08-24 09:05:25] [INFO] تم جلب جميع المستخدمين، صفحة 1
[2025-08-24 09:05:29] [INFO] تم جلب جميع المستخدمين، صفحة 1
[2025-08-24 09:05:49] [INFO] تم جلب جميع المستخدمين، صفحة 1
[2025-08-24 09:06:01] [INFO] تم جلب جميع المستخدمين، صفحة 1
[2025-08-24 09:12:57] [INFO] تم جلب جميع المستخدمين، صفحة 1
[2025-08-24 09:13:31] [ERROR] فشل إنشاء المستخدم، البريد موجود مسبقًا: ali@gmail.com
[2025-08-24 09:13:31] [INFO] تم جلب جميع المستخدمين، صفحة 1
[2025-08-24 09:13:31] [INFO] تم جلب جميع المستخدمين، صفحة 1
[2025-08-24 09:13:31] [INFO] تم جلب جميع المستخدمين، صفحة 1
[2025-08-24 09:17:15] [INFO] تم جلب جميع المستخدمين، صفحة 1
[2025-08-24 09:17:23] [INFO] تم جلب جميع المستخدمين، صفحة 1
[2025-08-24 09:17:27] [INFO] تم جلب جميع المستخدمين، صفحة 1
[2025-08-24 09:17:33] [INFO] تم تحديث بيانات المستخدم بالمعرف: 1
[2025-08-24 09:17:33] [INFO] تم جلب جميع المستخدمين، صفحة 1
[2025-08-24 09:17:33] [INFO] تم جلب جميع المستخدمين، صفحة 1
[2025-08-24 09:17:33] [INFO] تم جلب جميع المستخدمين، صفحة 1
[2025-08-24 15:14:19] [INFO] تم جلب جميع المستخدمين، صفحة 1
[2025-08-24 15:14:29] [INFO] تم جلب جميع المستخدمين المحذوفين
[2025-08-24 15:14:54] [INFO] تم جلب جميع المستخدمين، صفحة 1
[2025-08-24 15:15:13] [ERROR] فشل إنشاء المستخدم، البريد موجود مسبقًا: ali@gmail.com
[2025-08-24 15:15:13] [INFO] تم جلب جميع المستخدمين، صفحة 1
[2025-08-24 15:15:13] [INFO] تم جلب جميع المستخدمين، صفحة 1
[2025-08-24 15:15:13] [INFO] تم جلب جميع المستخدمين، صفحة 1
[2025-08-24 15:15:33] [INFO] تم جلب جميع المستخدمين المحذوفين
[2025-08-24 15:15:35] [INFO] تم جلب جميع المستخدمين، صفحة 1
[2025-08-24 15:27:02] [INFO] تم جلب جميع المستخدمين، صفحة 1
[2025-08-24 15:27:04] [INFO] تم البحث عن المستخدمين بالكلمة: 'j'
[2025-08-24 15:27:05] [INFO] تم جلب جميع المستخدمين، صفحة 1
[2025-08-24 15:38:15] [INFO] تم جلب جميع المستخدمين، صفحة 1
[2025-08-24 15:38:24] [INFO] تم جلب جميع المستخدمين، صفحة 1
[2025-08-24 16:01:38] [INFO] تم جلب جميع المستخدمين، صفحة 1
[2025-08-24 16:01:57] [INFO] تم جلب جميع المستخدمين المحذوفين
[2025-08-24 16:02:05] [INFO] تم جلب جميع المستخدمين، صفحة 1
[2025-08-24 16:04:14] [INFO] تم جلب جميع المستخدمين، صفحة 1
[2025-08-24 16:34:32] [INFO] تم جلب جميع المستخدمين، صفحة 1
[2025-08-24 16:34:46] [INFO] تم جلب جميع المستخدمين، صفحة 1
[2025-08-24 16:35:45] [INFO] تم جلب جميع المستخدمين، صفحة 1
[2025-08-24 16:44:50] [INFO] تم جلب جميع المستخدمين، صفحة 1
[2025-08-24 16:44:52] [INFO] تم جلب جميع المستخدمين، صفحة 1
[2025-08-24 17:02:03] [INFO] تم جلب جميع المستخدمين، صفحة 1
[2025-08-24 17:02:32] [INFO] تم إنشاء مستخدم جديد بالبريد: ali7@gmail.com
[2025-08-24 17:02:32] [INFO] تم جلب جميع المستخدمين، صفحة 1
[2025-08-24 17:02:32] [INFO] تم جلب جميع المستخدمين، صفحة 1
[2025-08-24 17:02:32] [INFO] تم جلب جميع المستخدمين، صفحة 1
[2025-08-24 17:03:07] [INFO] تم جلب جميع المستخدمين، صفحة 1
[2025-08-24 17:10:37] [INFO] تم جلب جميع المستخدمين، صفحة 1
[2025-08-24 17:12:49] [INFO] تم جلب جميع المستخدمين، صفحة 1
[2025-08-24 17:12:55] [INFO] تم جلب جميع المستخدمين، صفحة 1
[2025-08-24 17:13:56] [INFO] تم جلب جميع المستخدمين، صفحة 1
[2025-08-24 17:14:02] [INFO] تم جلب جميع المستخدمين، صفحة 1
[2025-08-24 17:14:23] [INFO] تم جلب جميع المستخدمين، صفحة 1
[2025-08-24 17:14:37] [INFO] تم جلب جميع المستخدمين، صفحة 1
[2025-08-24 17:29:34] [INFO] تم جلب جميع المستخدمين، صفحة 1
[2025-08-24 17:29:36] [INFO] تم جلب جميع المستخدمين، صفحة 1
[2025-08-24 17:29:42] [INFO] تم جلب جميع المستخدمين، صفحة 1
[2025-08-24 17:32:42] [INFO] تم جلب جميع المستخدمين، صفحة 1
[2025-08-24 17:32:44] [INFO] تم جلب جميع المستخدمين، صفحة 1
[2025-08-24 17:32:46] [INFO] تم جلب جميع المستخدمين، صفحة 1
[2025-08-24 17:32:54] [INFO] تم جلب جميع المستخدمين، صفحة 1
[2025-08-24 17:54:50] [INFO] تم جلب جميع المستخدمين، صفحة 1
[2025-08-24 17:55:02] [INFO] تم جلب جميع المستخدمين، صفحة 1
[2025-08-24 17:55:13] [INFO] تم جلب جميع المستخدمين، صفحة 1
[2025-08-24 17:55:41] [INFO] تم جلب جميع المستخدمين المحذوفين
[2025-08-24 17:55:58] [INFO] تم جلب جميع المستخدمين المحذوفين
[2025-08-24 17:55:59] [INFO] تم جلب جميع المستخدمين، صفحة 1
[2025-08-24 17:56:01] [INFO] تم جلب جميع المستخدمين المحذوفين
[2025-08-24 17:56:03] [INFO] تم جلب جميع المستخدمين، صفحة 1
[2025-08-24 18:12:33] [INFO] تم جلب جميع المستخدمين، صفحة 1
[2025-08-24 18:12:42] [INFO] تم جلب جميع المستخدمين، صفحة 1
[2025-08-24 18:13:02] [INFO] تم جلب جميع المستخدمين، صفحة 1
[2025-08-24 18:13:18] [INFO] تم إنشاء مستخدم جديد بالبريد: ali76@gmail.com
[2025-08-24 18:13:18] [INFO] تم جلب جميع المستخدمين، صفحة 1
[2025-08-24 18:13:18] [INFO] تم جلب جميع المستخدمين، صفحة 1
[2025-08-24 18:13:18] [INFO] تم جلب جميع المستخدمين، صفحة 1
[2025-08-24 18:13:38] [INFO] تم إنشاء مستخدم جديد بالبريد: ali79@gmail.com
[2025-08-24 18:13:38] [INFO] تم جلب جميع المستخدمين، صفحة 1
[2025-08-24 18:13:38] [INFO] تم جلب جميع المستخدمين، صفحة 1
[2025-08-24 18:13:38] [INFO] تم جلب جميع المستخدمين، صفحة 1
[2025-08-24 18:13:53] [INFO] تم إنشاء مستخدم جديد بالبريد: ali89@gmail.com
[2025-08-24 18:13:53] [INFO] تم جلب جميع المستخدمين، صفحة 1
[2025-08-24 18:13:53] [INFO] تم جلب جميع المستخدمين، صفحة 1
[2025-08-24 18:13:53] [INFO] تم جلب جميع المستخدمين، صفحة 1
[2025-08-24 18:14:09] [INFO] تم إنشاء مستخدم جديد بالبريد: ali896@gmail.com
[2025-08-24 18:14:09] [INFO] تم جلب جميع المستخدمين، صفحة 1
[2025-08-24 18:14:09] [INFO] تم جلب جميع المستخدمين، صفحة 1
[2025-08-24 18:14:09] [INFO] تم جلب جميع المستخدمين، صفحة 1
[2025-08-24 18:14:28] [INFO] تم إنشاء مستخدم جديد بالبريد: ali8956@gmail.com
[2025-08-24 18:14:28] [INFO] تم جلب جميع المستخدمين، صفحة 1
[2025-08-24 18:14:28] [INFO] تم جلب جميع المستخدمين، صفحة 1
[2025-08-24 18:14:28] [INFO] تم جلب جميع المستخدمين، صفحة 1
[2025-08-24 18:14:43] [INFO] تم إنشاء مستخدم جديد بالبريد: ali89546@gmail.com
[2025-08-24 18:14:43] [INFO] تم جلب جميع المستخدمين، صفحة 1
[2025-08-24 18:14:43] [INFO] تم جلب جميع المستخدمين، صفحة 1
[2025-08-24 18:14:43] [INFO] تم جلب جميع المستخدمين، صفحة 1
[2025-08-24 18:14:56] [INFO] تم إنشاء مستخدم جديد بالبريد: ali893546@gmail.com
[2025-08-24 18:14:56] [INFO] تم جلب جميع المستخدمين، صفحة 1
[2025-08-24 18:14:56] [INFO] تم جلب جميع المستخدمين، صفحة 1
[2025-08-24 18:14:56] [INFO] تم جلب جميع المستخدمين، صفحة 1
[2025-08-24 18:15:11] [INFO] تم إنشاء مستخدم جديد بالبريد: ali8933546@gmail.com
[2025-08-24 18:15:11] [INFO] تم جلب جميع المستخدمين، صفحة 1
[2025-08-24 18:15:11] [INFO] تم جلب جميع المستخدمين، صفحة 1
[2025-08-24 18:15:11] [INFO] تم جلب جميع المستخدمين، صفحة 1
[2025-08-24 18:15:16] [INFO] تم جلب جميع المستخدمين، صفحة 2
[2025-08-24 18:15:19] [INFO] تم جلب جميع المستخدمين، صفحة 1
[2025-08-24 18:17:03] [INFO] تم جلب جميع المستخدمين، صفحة 1
[2025-08-24 18:30:25] [INFO] تم جلب جميع المستخدمين، صفحة 1
[2025-08-24 18:30:27] [INFO] تم جلب جميع المستخدمين المحذوفين
[2025-08-24 18:30:30] [INFO] تم جلب جميع المستخدمين، صفحة 1
[2025-08-24 18:33:11] [INFO] تم جلب جميع المستخدمين المحذوفين
[2025-08-24 18:35:09] [INFO] تم جلب جميع المستخدمين، صفحة 1
[2025-08-24 18:35:43] [INFO] تم جلب جميع المستخدمين، صفحة 1
[2025-08-24 18:35:50] [INFO] تم جلب جميع المستخدمين، صفحة 2
[2025-08-24 18:49:40] [INFO] تم جلب جميع المستخدمين، صفحة 1
[2025-08-24 18:52:59] [INFO] تم جلب جميع المستخدمين، صفحة 1
[2025-08-24 18:55:46] [INFO] تم جلب جميع المستخدمين، صفحة 2
[2025-08-24 18:57:33] [INFO] تم جلب جميع المستخدمين، صفحة 1
[2025-08-24 18:57:37] [INFO] تم جلب جميع المستخدمين، صفحة 1
[2025-08-24 18:59:58] [INFO] تم جلب جميع المستخدمين، صفحة 1
[2025-08-24 19:00:03] [INFO] تم جلب جميع المستخدمين، صفحة 1
